<?xml version="1.0" encoding="UTF-8"?>
<!-- Generated by org.testng.reporters.JUnitReportReporter -->
<testsuite skipped="0" hostname="MLIW5GTH7H2" name="com.crm.qa.testcases.ContactsPageTestCase" tests="2" failures="0" timestamp="20 Jan 2019 00:16:05 GMT" time="37.327" errors="0">
  <testcase name="validateContactsPagelabelTest" time="18.748" classname="com.crm.qa.testcases.ContactsPageTestCase"/>
  <testcase name="selectContactsTest" time="18.579" classname="com.crm.qa.testcases.ContactsPageTestCase"/>
</testsuite> <!-- com.crm.qa.testcases.ContactsPageTestCase -->
