<?xml version="1.0" encoding="UTF-8"?>
<!-- Generated by org.testng.reporters.JUnitReportReporter -->
<testsuite skipped="0" hostname="MLIW5GTH7H2" name="com.crm.qa.testcases.HomePageTestcase" tests="3" failures="0" timestamp="19 Jan 2019 17:22:09 GMT" time="57.380" errors="0">
  <testcase name="validateHomePageTitleTest" time="16.465" classname="com.crm.qa.testcases.HomePageTestcase"/>
  <testcase name="verifyUserNameLabelTest" time="19.530" classname="com.crm.qa.testcases.HomePageTestcase"/>
  <testcase name="verifyContactsLinkTest" time="21.385" classname="com.crm.qa.testcases.HomePageTestcase"/>
</testsuite> <!-- com.crm.qa.testcases.HomePageTestcase -->
