<?xml version="1.0" encoding="UTF-8"?>
<!-- Generated by org.testng.reporters.JUnitReportReporter -->
<testsuite skipped="0" hostname="MLIW5GTH7H2" name="com.crm.qa.testcases.LoginPageTestCase" tests="3" failures="0" timestamp="09 Jan 2019 02:44:28 GMT" time="18.982" errors="0">
  <testcase name="validateLoginPageTitleTest" time="5.825" classname="com.crm.qa.testcases.LoginPageTestCase"/>
  <testcase name="validateCRMLogoTest" time="6.736" classname="com.crm.qa.testcases.LoginPageTestCase"/>
  <testcase name="loginTest" time="6.421" classname="com.crm.qa.testcases.LoginPageTestCase"/>
</testsuite> <!-- com.crm.qa.testcases.LoginPageTestCase -->
